<?xml version="1.0" encoding="UTF-8"?>
<robot generator="Robot 4.1.3 (Python 3.9.6 on win32)" generated="20230315 13:27:07.816" rpa="false" schemaversion="2">
<suite id="s1" name="Nxg-Auth-Authentication" source="C:\Users\uyen.nql\Documents\automation-nxgs-fe\TestCases\RKD-605-nxg-auth\Authentication\nxg-auth-authentication.robot">
<test id="s1-t1" name="RKD-7475_1-Main page screen displayed correctly when clicking on Login button with user is Operator">
<kw name="Open My Browser" library="common" type="SETUP">
<kw name="Evaluate" library="BuiltIn">
<var>${options}</var>
<arg>sys.modules['selenium.webdriver'].ChromeOptions()</arg>
<arg>sys, selenium.webdriver</arg>
<doc>Evaluates the given expression in Python and returns the result.</doc>
<msg timestamp="20230315 13:27:08.025" level="INFO">${options} = &lt;selenium.webdriver.chrome.options.Options object at 0x000001D7AB7A9700&gt;</msg>
<status status="PASS" starttime="20230315 13:27:08.025" endtime="20230315 13:27:08.025"/>
</kw>
<kw name="Call Method" library="BuiltIn">
<arg>${options}</arg>
<arg>add_extension</arg>
<arg>C:\\Users\\uyen.nql\\Documents\\automation-nxgs-fe\\PageObjects\\Common/../../CustomLibrary/ublock.crx</arg>
<doc>Calls the named method of the given object with the provided arguments.</doc>
<status status="PASS" starttime="20230315 13:27:08.025" endtime="20230315 13:27:08.025"/>
</kw>
<kw name="Call Method" library="BuiltIn">
<arg>${options}</arg>
<arg>add_argument</arg>
<arg>--ignore-certificate-errors</arg>
<doc>Calls the named method of the given object with the provided arguments.</doc>
<status status="PASS" starttime="20230315 13:27:08.025" endtime="20230315 13:27:08.025"/>
</kw>
<kw name="Create Webdriver" library="SeleniumLibrary">
<arg>Chrome</arg>
<arg>chrome_options=${options}</arg>
<doc>Creates an instance of Selenium WebDriver.</doc>
<msg timestamp="20230315 13:27:08.026" level="INFO">Creating an instance of the Chrome WebDriver.</msg>
<status status="PASS" starttime="20230315 13:27:08.025" endtime="20230315 13:27:10.015"/>
</kw>
<kw name="Go To" library="SeleniumLibrary">
<arg>${URL}</arg>
<doc>Navigates the current browser window to the provided ``url``.</doc>
<msg timestamp="20230315 13:27:10.015" level="INFO">Opening url 'https://develop.d2qgux2wkk7com.amplifyapp.com/'</msg>
<status status="PASS" starttime="20230315 13:27:10.015" endtime="20230315 13:27:13.995"/>
</kw>
<kw name="Maximize Browser Window" library="SeleniumLibrary">
<doc>Maximizes current browser window.</doc>
<status status="PASS" starttime="20230315 13:27:13.995" endtime="20230315 13:27:14.110"/>
</kw>
<kw name="Verify Current URL" library="common">
<kw name="Get Location" library="SeleniumLibrary">
<var>${curURL}</var>
<doc>Returns the current browser window URL.</doc>
<msg timestamp="20230315 13:27:14.114" level="INFO">${curURL} = https://develop.d2qgux2wkk7com.amplifyapp.com/</msg>
<status status="PASS" starttime="20230315 13:27:14.110" endtime="20230315 13:27:14.114"/>
</kw>
<kw name="Log To Console" library="BuiltIn">
<arg>${curURL}</arg>
<doc>Logs the given message to the console.</doc>
<status status="PASS" starttime="20230315 13:27:14.114" endtime="20230315 13:27:14.114"/>
</kw>
<status status="PASS" starttime="20230315 13:27:14.110" endtime="20230315 13:27:14.114"/>
</kw>
<status status="PASS" starttime="20230315 13:27:08.024" endtime="20230315 13:27:14.114"/>
</kw>
<kw name="Select An UserName" library="LoginKW">
<arg>${7475_1.userName}</arg>
<kw name="Wait Until Element Is Visible" library="SeleniumLibrary">
<arg>${userNameTxt}</arg>
<doc>Waits until the element ``locator`` is visible.</doc>
<status status="PASS" starttime="20230315 13:27:14.115" endtime="20230315 13:27:14.545"/>
</kw>
<kw name="Click On UserName Field" library="LoginKW">
<kw name="Click For Element" library="common">
<arg>${userNameTxt}</arg>
<kw name="Wait Until Element Is Visible" library="SeleniumLibrary">
<arg>${element}</arg>
<doc>Waits until the element ``locator`` is visible.</doc>
<status status="PASS" starttime="20230315 13:27:14.546" endtime="20230315 13:27:14.559"/>
</kw>
<kw name="Click Element" library="SeleniumLibrary">
<arg>${element}</arg>
<doc>Click the element identified by ``locator``.</doc>
<msg timestamp="20230315 13:27:14.559" level="INFO">Clicking element 'xpath://*[@id='root']/div/div[2]/div[2]/div[2]/div/div/div/div/form/div/div[1]/div/div/div/div'.</msg>
<status status="PASS" starttime="20230315 13:27:14.559" endtime="20230315 13:27:14.600"/>
</kw>
<status status="PASS" starttime="20230315 13:27:14.545" endtime="20230315 13:27:14.600"/>
</kw>
<status status="PASS" starttime="20230315 13:27:14.545" endtime="20230315 13:27:14.600"/>
</kw>
<kw name="Wait Until Element Is Visible" library="SeleniumLibrary">
<arg>${userNameListBox}</arg>
<doc>Waits until the element ``locator`` is visible.</doc>
<status status="PASS" starttime="20230315 13:27:14.600" endtime="20230315 13:27:14.825"/>
</kw>
<kw name="Select By Value On List" library="CustomLibrary">
<arg>${userNameListBox}</arg>
<arg>${selectedUserName}</arg>
<status status="PASS" starttime="20230315 13:27:14.825" endtime="20230315 13:27:19.960"/>
</kw>
<kw name="Wait Until Element Is Not Visible" library="SeleniumLibrary">
<arg>${userNameListBox}</arg>
<doc>Waits until the element ``locator`` is not visible.</doc>
<status status="PASS" starttime="20230315 13:27:19.960" endtime="20230315 13:27:20.177"/>
</kw>
<status status="PASS" starttime="20230315 13:27:14.115" endtime="20230315 13:27:20.177"/>
</kw>
<kw name="Enter Password" library="LoginKW">
<arg>${7475_1.password}</arg>
<kw name="Input For Text" library="common">
<arg>${passwordTxt}</arg>
<arg>${input}</arg>
<kw name="Wait Until Element Is Visible" library="SeleniumLibrary">
<arg>${element}</arg>
<doc>Waits until the element ``locator`` is visible.</doc>
<status status="PASS" starttime="20230315 13:27:20.179" endtime="20230315 13:27:20.193"/>
</kw>
<kw name="Input Text" library="SeleniumLibrary">
<arg>${element}</arg>
<arg>${input}</arg>
<doc>Types the given ``text`` into the text field identified by ``locator``.</doc>
<msg timestamp="20230315 13:27:20.193" level="INFO">Typing text 'operator' into text field 'xpath://*[@id='root']/div/div[2]/div[2]/div[2]/div/div/div/div/form/div/div[2]/div/div/div/input'.</msg>
<status status="PASS" starttime="20230315 13:27:20.193" endtime="20230315 13:27:20.283"/>
</kw>
<status status="PASS" starttime="20230315 13:27:20.178" endtime="20230315 13:27:20.283"/>
</kw>
<status status="PASS" starttime="20230315 13:27:20.177" endtime="20230315 13:27:20.283"/>
</kw>
<kw name="Click On Button Login" library="LoginKW">
<kw name="Click For Element" library="common">
<arg>${loginBtn}</arg>
<kw name="Wait Until Element Is Visible" library="SeleniumLibrary">
<arg>${element}</arg>
<doc>Waits until the element ``locator`` is visible.</doc>
<status status="PASS" starttime="20230315 13:27:20.284" endtime="20230315 13:27:20.300"/>
</kw>
<kw name="Click Element" library="SeleniumLibrary">
<arg>${element}</arg>
<doc>Click the element identified by ``locator``.</doc>
<msg timestamp="20230315 13:27:20.300" level="INFO">Clicking element 'xpath://*[@id='root']/div/div[2]/div[2]/div[2]/div/div/div/div/form/div/div[3]/button'.</msg>
<status status="PASS" starttime="20230315 13:27:20.300" endtime="20230315 13:27:20.346"/>
</kw>
<status status="PASS" starttime="20230315 13:27:20.284" endtime="20230315 13:27:20.346"/>
</kw>
<status status="PASS" starttime="20230315 13:27:20.283" endtime="20230315 13:27:20.346"/>
</kw>
<kw name="MainPage Displays With Correct User" library="LoginKW">
<arg>${7475_1.userTitle}</arg>
<kw name="MainPage Display" library="MainPageKW">
<kw name="Wait Until Element Is Visible" library="SeleniumLibrary">
<arg>${mainPage}</arg>
<doc>Waits until the element ``locator`` is visible.</doc>
<status status="PASS" starttime="20230315 13:27:20.347" endtime="20230315 13:27:20.568"/>
</kw>
<status status="PASS" starttime="20230315 13:27:20.347" endtime="20230315 13:27:20.568"/>
</kw>
<kw name="UserTitle Should Be" library="MainPageKW">
<arg>${expectedUserTitle}</arg>
<kw name="Get Text From Element" library="common">
<var>${userTitleCurrent}</var>
<arg>${userTitle}</arg>
<kw name="Wait Until Element Is Visible" library="SeleniumLibrary">
<arg>${element}</arg>
<arg>timeout=60s</arg>
<doc>Waits until the element ``locator`` is visible.</doc>
<status status="PASS" starttime="20230315 13:27:20.569" endtime="20230315 13:27:20.583"/>
</kw>
<kw name="Get Text" library="SeleniumLibrary">
<var>${input}</var>
<arg>${element}</arg>
<doc>Returns the text value of the element identified by ``locator``.</doc>
<msg timestamp="20230315 13:27:20.598" level="INFO">${input} = operator</msg>
<status status="PASS" starttime="20230315 13:27:20.583" endtime="20230315 13:27:20.598"/>
</kw>
<msg timestamp="20230315 13:27:20.598" level="INFO">${userTitleCurrent} = operator</msg>
<status status="PASS" starttime="20230315 13:27:20.568" endtime="20230315 13:27:20.598"/>
</kw>
<kw name="Should Be Equal As Strings" library="BuiltIn">
<arg>${userTitleCurrent}</arg>
<arg>${expectedTitle}</arg>
<doc>Fails if objects are unequal after converting them to strings.</doc>
<status status="PASS" starttime="20230315 13:27:20.598" endtime="20230315 13:27:20.598"/>
</kw>
<status status="PASS" starttime="20230315 13:27:20.568" endtime="20230315 13:27:20.599"/>
</kw>
<status status="PASS" starttime="20230315 13:27:20.346" endtime="20230315 13:27:20.599"/>
</kw>
<kw name="Capture Page When Result Passed" library="common">
<arg>RKD-7475_1</arg>
<kw name="Convert Date To String" library="CustomLibrary">
<var>${date}</var>
<msg timestamp="20230315 13:27:20.600" level="INFO">${date} = 15032023132720</msg>
<status status="PASS" starttime="20230315 13:27:20.599" endtime="20230315 13:27:20.600"/>
</kw>
<kw name="Capture Page Screenshot" library="SeleniumLibrary">
<arg>Screenshot/${tagName}_${date}.png</arg>
<doc>Takes a screenshot of the current page and embeds it into a log file.</doc>
<msg timestamp="20230315 13:27:20.705" level="INFO" html="true">&lt;/td&gt;&lt;/tr&gt;&lt;tr&gt;&lt;td colspan="3"&gt;&lt;a href="Screenshot/RKD-7475_1_15032023132720.png"&gt;&lt;img src="Screenshot/RKD-7475_1_15032023132720.png" width="800px"&gt;&lt;/a&gt;</msg>
<status status="PASS" starttime="20230315 13:27:20.600" endtime="20230315 13:27:20.705"/>
</kw>
<status status="PASS" starttime="20230315 13:27:20.599" endtime="20230315 13:27:20.705"/>
</kw>
<kw name="Close My Browser" library="common" type="TEARDOWN">
<kw name="Sleep" library="BuiltIn">
<arg>2s</arg>
<doc>Pauses the test executed for the given time.</doc>
<msg timestamp="20230315 13:27:22.709" level="INFO">Slept 2 seconds</msg>
<status status="PASS" starttime="20230315 13:27:20.706" endtime="20230315 13:27:22.709"/>
</kw>
<kw name="Close Browser" library="SeleniumLibrary">
<doc>Closes the current browser.</doc>
<status status="PASS" starttime="20230315 13:27:22.709" endtime="20230315 13:27:24.851"/>
</kw>
<status status="PASS" starttime="20230315 13:27:20.706" endtime="20230315 13:27:24.851"/>
</kw>
<doc>Main page screen displayed correctly when clicking on Login button with user is Operator</doc>
<tag>RKD-7475</tag>
<tag>RKD-7475_1</tag>
<status status="PASS" starttime="20230315 13:27:08.024" endtime="20230315 13:27:24.851"/>
</test>
<doc>Test Case Login
Run test: robot -i [Tags] --outputdir Report
xg-auth TestCasesRKD-605-nxg-authAuthentication
xg-auth-authentication.robot</doc>
<status status="PASS" starttime="20230315 13:27:07.817" endtime="20230315 13:27:24.853"/>
</suite>
<statistics>
<total>
<stat pass="1" fail="0" skip="0">All Tests</stat>
</total>
<tag>
<stat pass="1" fail="0" skip="0">RKD-7475</stat>
<stat pass="1" fail="0" skip="0">RKD-7475_1</stat>
</tag>
<suite>
<stat pass="1" fail="0" skip="0" id="s1" name="Nxg-Auth-Authentication">Nxg-Auth-Authentication</stat>
</suite>
</statistics>
<errors>
<msg timestamp="20230315 13:27:07.836" level="ERROR">Error in file 'C:\Users\uyen.nql\Documents\automation-nxgs-fe\TestCases\RKD-605-nxg-auth\Authentication\nxg-auth-authentication.robot' on line 4: Test library '..\..\CustomLibrary\CustomLibrary.py' does not exist.</msg>
</errors>
</robot>
